<?xml version="1.0" encoding="UTF-8"?>
<robot generator="Robot 4.0.1 (Python 3.9.5 on win32)" generated="20210616 18:21:15.872" rpa="false" schemaversion="2">
<suite id="s1" name="Exercicios" source="D:\projetosParticular\Prime\PrimeExperts\tests\exercicios.robot">
<test id="s1-t1" name="Exercicicio Argumentos e Retorno">
<kw name="Criar email formatado">
<kw name="Formacao email">
<var>${EMAIL_CRIADO}</var>
<arg>${PESSOA.nome}</arg>
<arg>${PESSOA.sobrenome}</arg>
<arg>${PESSOA.idade}</arg>
<kw name="Catenate" library="BuiltIn">
<var>${EMAIL_VALIDO}</var>
<arg>SEPARATOR=_</arg>
<arg>${nome}</arg>
<arg>${sobrenome}</arg>
<arg>${idade}</arg>
<doc>Catenates the given items together and returns the resulted string.</doc>
<msg timestamp="20210616 18:21:15.922" level="INFO">${EMAIL_VALIDO} = Anderson_Galvao_36</msg>
<status status="PASS" starttime="20210616 18:21:15.921" endtime="20210616 18:21:15.922"/>
</kw>
<msg timestamp="20210616 18:21:15.922" level="INFO">${EMAIL_CRIADO} = Anderson_Galvao_36@testerobot.com</msg>
<status status="PASS" starttime="20210616 18:21:15.918" endtime="20210616 18:21:15.923"/>
</kw>
<kw name="Log To Console" library="BuiltIn">
<arg>${EMAIL_CRIADO}</arg>
<doc>Logs the given message to the console.</doc>
<status status="PASS" starttime="20210616 18:21:15.923" endtime="20210616 18:21:15.924"/>
</kw>
<status status="PASS" starttime="20210616 18:21:15.918" endtime="20210616 18:21:15.924"/>
</kw>
<status status="PASS" starttime="20210616 18:21:15.916" endtime="20210616 18:21:15.925"/>
</test>
<doc>Entrega do Exercicício de Argumentos e Retorno</doc>
<status status="PASS" starttime="20210616 18:21:15.875" endtime="20210616 18:21:15.926"/>
</suite>
<statistics>
<total>
<stat pass="1" fail="0" skip="0">All Tests</stat>
</total>
<tag>
</tag>
<suite>
<stat pass="1" fail="0" skip="0" id="s1" name="Exercicios">Exercicios</stat>
</suite>
</statistics>
<errors>
</errors>
</robot>
